<?xml version="1.0" encoding="UTF-8"?>
<coverage generated="1644554864282" clover="3.2.0">
  <project timestamp="1644554864282" name="All files">
    <metrics statements="41" coveredstatements="40" conditionals="26" coveredconditionals="25" methods="8" coveredmethods="8" elements="75" coveredelements="73" complexity="0" loc="41" ncloc="41" packages="2" files="4" classes="4"/>
    <package name="RoverChall">
      <metrics statements="20" coveredstatements="20" conditionals="10" coveredconditionals="10" methods="5" coveredmethods="5"/>
      <file name="account.js" path="C:\Users\HP BEATSTUDIO\Documents\TestesUni\RoverChallenge\RoverChall\account.js">
        <metrics statements="2" coveredstatements="2" conditionals="0" coveredconditionals="0" methods="1" coveredmethods="1"/>
        <line num="3" count="18" type="stmt"/>
        <line num="4" count="18" type="stmt"/>
      </file>
      <file name="transfer.js" path="C:\Users\HP BEATSTUDIO\Documents\TestesUni\RoverChallenge\RoverChall\transfer.js">
        <metrics statements="3" coveredstatements="3" conditionals="0" coveredconditionals="0" methods="1" coveredmethods="1"/>
        <line num="2" count="2" type="stmt"/>
        <line num="3" count="2" type="stmt"/>
        <line num="4" count="2" type="stmt"/>
      </file>
      <file name="transferWithTax.js" path="C:\Users\HP BEATSTUDIO\Documents\TestesUni\RoverChallenge\RoverChall\transferWithTax.js">
        <metrics statements="15" coveredstatements="15" conditionals="10" coveredconditionals="10" methods="3" coveredmethods="3"/>
        <line num="4" count="5" type="stmt"/>
        <line num="5" count="2" type="stmt"/>
        <line num="7" count="2" type="stmt"/>
        <line num="11" count="5" type="cond" truecount="4" falsecount="0"/>
        <line num="12" count="2" type="stmt"/>
        <line num="15" count="3" type="stmt"/>
        <line num="20" count="3" type="stmt"/>
        <line num="21" count="3" type="stmt"/>
        <line num="22" count="3" type="cond" truecount="4" falsecount="0"/>
        <line num="23" count="1" type="stmt"/>
        <line num="25" count="2" type="stmt"/>
        <line num="27" count="3" type="stmt"/>
        <line num="29" count="3" type="cond" truecount="2" falsecount="0"/>
        <line num="30" count="1" type="stmt"/>
        <line num="32" count="2" type="stmt"/>
      </file>
    </package>
    <package name="RoverChall.rover">
      <metrics statements="21" coveredstatements="20" conditionals="16" coveredconditionals="15" methods="3" coveredmethods="3"/>
      <file name="rover.js" path="C:\Users\HP BEATSTUDIO\Documents\TestesUni\RoverChallenge\RoverChall\rover\rover.js">
        <metrics statements="21" coveredstatements="20" conditionals="16" coveredconditionals="15" methods="3" coveredmethods="3"/>
        <line num="3" count="7" type="stmt"/>
        <line num="4" count="7" type="stmt"/>
        <line num="5" count="7" type="stmt"/>
        <line num="8" count="7" type="stmt"/>
        <line num="11" count="4" type="cond" truecount="2" falsecount="0"/>
        <line num="12" count="1" type="stmt"/>
        <line num="14" count="4" type="cond" truecount="2" falsecount="0"/>
        <line num="15" count="1" type="stmt"/>
        <line num="17" count="4" type="cond" truecount="2" falsecount="0"/>
        <line num="18" count="1" type="stmt"/>
        <line num="20" count="4" type="cond" truecount="2" falsecount="0"/>
        <line num="21" count="1" type="stmt"/>
        <line num="26" count="3" type="stmt"/>
        <line num="28" count="3" type="cond" truecount="2" falsecount="0"/>
        <line num="29" count="1" type="cond" truecount="1" falsecount="1"/>
        <line num="30" count="1" type="stmt"/>
        <line num="32" count="0" type="stmt"/>
        <line num="35" count="3" type="cond" truecount="2" falsecount="0"/>
        <line num="36" count="2" type="cond" truecount="2" falsecount="0"/>
        <line num="37" count="1" type="stmt"/>
        <line num="39" count="1" type="stmt"/>
      </file>
    </package>
  </project>
</coverage>
