{"C:\\Users\\HP BEATSTUDIO\\Documents\\TestesUni\\RoverChallenge\\RoverChall\\account.js": {"path":"C:\\Users\\HP BEATSTUDIO\\Documents\\TestesUni\\RoverChallenge\\RoverChall\\account.js","statementMap":{"0":{"start":{"line":3,"column":8},"end":{"line":3,"column":21}},"1":{"start":{"line":4,"column":8},"end":{"line":4,"column":31}}},"fnMap":{"0":{"name":"(anonymous_0)","decl":{"start":{"line":2,"column":4},"end":{"line":2,"column":5}},"loc":{"start":{"line":2,"column":29},"end":{"line":5,"column":5}},"line":2}},"branchMap":{},"s":{"0":18,"1":18},"f":{"0":18},"b":{},"_coverageSchema":"1a1c01bbd47fc00a2c39e90264f33305004495a9","hash":"64209e00d7eb9032f0b78eb1b00799cc5f7d438e"}
,"C:\\Users\\HP BEATSTUDIO\\Documents\\TestesUni\\RoverChallenge\\RoverChall\\transfer.js": {"path":"C:\\Users\\HP BEATSTUDIO\\Documents\\TestesUni\\RoverChallenge\\RoverChall\\transfer.js","statementMap":{"0":{"start":{"line":2,"column":4},"end":{"line":2,"column":50}},"1":{"start":{"line":3,"column":4},"end":{"line":3,"column":56}},"2":{"start":{"line":4,"column":4},"end":{"line":4,"column":28}}},"fnMap":{"0":{"name":"transfer","decl":{"start":{"line":1,"column":16},"end":{"line":1,"column":24}},"loc":{"start":{"line":1,"column":58},"end":{"line":5,"column":1}},"line":1}},"branchMap":{},"s":{"0":2,"1":2,"2":2},"f":{"0":2},"b":{},"_coverageSchema":"1a1c01bbd47fc00a2c39e90264f33305004495a9","hash":"459d67aba7c25a47096a7a7bc8cac1ac9ae1d839"}
,"C:\\Users\\HP BEATSTUDIO\\Documents\\TestesUni\\RoverChallenge\\RoverChall\\transferWithTax.js": {"path":"C:\\Users\\HP BEATSTUDIO\\Documents\\TestesUni\\RoverChallenge\\RoverChall\\transferWithTax.js","statementMap":{"0":{"start":{"line":4,"column":38},"end":{"line":4,"column":128}},"1":{"start":{"line":5,"column":41},"end":{"line":5,"column":100}},"2":{"start":{"line":7,"column":4},"end":{"line":7,"column":69}},"3":{"start":{"line":11,"column":4},"end":{"line":16,"column":5}},"4":{"start":{"line":12,"column":8},"end":{"line":12,"column":41}},"5":{"start":{"line":15,"column":8},"end":{"line":15,"column":30}},"6":{"start":{"line":20,"column":19},"end":{"line":20,"column":22}},"7":{"start":{"line":21,"column":19},"end":{"line":21,"column":22}},"8":{"start":{"line":22,"column":4},"end":{"line":26,"column":5}},"9":{"start":{"line":23,"column":8},"end":{"line":23,"column":23}},"10":{"start":{"line":25,"column":8},"end":{"line":25,"column":23}},"11":{"start":{"line":27,"column":25},"end":{"line":27,"column":59}},"12":{"start":{"line":29,"column":4},"end":{"line":31,"column":5}},"13":{"start":{"line":30,"column":8},"end":{"line":30,"column":45}},"14":{"start":{"line":32,"column":4},"end":{"line":32,"column":35}}},"fnMap":{"0":{"name":"transferWithTax","decl":{"start":{"line":3,"column":16},"end":{"line":3,"column":31}},"loc":{"start":{"line":3,"column":65},"end":{"line":8,"column":1}},"line":3},"1":{"name":"validateValues","decl":{"start":{"line":10,"column":9},"end":{"line":10,"column":23}},"loc":{"start":{"line":10,"column":40},"end":{"line":17,"column":1}},"line":10},"2":{"name":"chargeTaxForTransfer","decl":{"start":{"line":19,"column":9},"end":{"line":19,"column":29}},"loc":{"start":{"line":19,"column":55},"end":{"line":33,"column":1}},"line":19}},"branchMap":{"0":{"loc":{"start":{"line":11,"column":4},"end":{"line":16,"column":5}},"type":"if","locations":[{"start":{"line":11,"column":4},"end":{"line":16,"column":5}},{"start":{"line":14,"column":9},"end":{"line":16,"column":5}}],"line":11},"1":{"loc":{"start":{"line":11,"column":8},"end":{"line":11,"column":54}},"type":"binary-expr","locations":[{"start":{"line":11,"column":8},"end":{"line":11,"column":29}},{"start":{"line":11,"column":33},"end":{"line":11,"column":54}}],"line":11},"2":{"loc":{"start":{"line":22,"column":4},"end":{"line":26,"column":5}},"type":"if","locations":[{"start":{"line":22,"column":4},"end":{"line":26,"column":5}},{"start":{"line":24,"column":11},"end":{"line":26,"column":5}}],"line":22},"3":{"loc":{"start":{"line":22,"column":8},"end":{"line":22,"column":55}},"type":"binary-expr","locations":[{"start":{"line":22,"column":8},"end":{"line":22,"column":30}},{"start":{"line":22,"column":34},"end":{"line":22,"column":55}}],"line":22},"4":{"loc":{"start":{"line":29,"column":4},"end":{"line":31,"column":5}},"type":"if","locations":[{"start":{"line":29,"column":4},"end":{"line":31,"column":5}},{"start":{},"end":{}}],"line":29}},"s":{"0":5,"1":2,"2":2,"3":5,"4":2,"5":3,"6":3,"7":3,"8":3,"9":1,"10":2,"11":3,"12":3,"13":1,"14":2},"f":{"0":5,"1":5,"2":3},"b":{"0":[2,3],"1":[5,4],"2":[1,2],"3":[3,3],"4":[1,2]},"_coverageSchema":"1a1c01bbd47fc00a2c39e90264f33305004495a9","hash":"765a12042e908e95f11d5cb7070d0e5b69b0a68f"}
,"C:\\Users\\HP BEATSTUDIO\\Documents\\TestesUni\\RoverChallenge\\RoverChall\\rover\\rover.js": {"path":"C:\\Users\\HP BEATSTUDIO\\Documents\\TestesUni\\RoverChallenge\\RoverChall\\rover\\rover.js","statementMap":{"0":{"start":{"line":3,"column":8},"end":{"line":3,"column":19}},"1":{"start":{"line":4,"column":8},"end":{"line":4,"column":19}},"2":{"start":{"line":5,"column":8},"end":{"line":5,"column":35}},"3":{"start":{"line":8,"column":17},"end":{"line":8,"column":37}},"4":{"start":{"line":11,"column":8},"end":{"line":13,"column":9}},"5":{"start":{"line":12,"column":12},"end":{"line":12,"column":24}},"6":{"start":{"line":14,"column":8},"end":{"line":16,"column":9}},"7":{"start":{"line":15,"column":12},"end":{"line":15,"column":24}},"8":{"start":{"line":17,"column":8},"end":{"line":19,"column":9}},"9":{"start":{"line":18,"column":12},"end":{"line":18,"column":24}},"10":{"start":{"line":20,"column":8},"end":{"line":22,"column":9}},"11":{"start":{"line":21,"column":12},"end":{"line":21,"column":24}},"12":{"start":{"line":26,"column":22},"end":{"line":26,"column":61}},"13":{"start":{"line":28,"column":8},"end":{"line":34,"column":9}},"14":{"start":{"line":29,"column":12},"end":{"line":33,"column":13}},"15":{"start":{"line":30,"column":16},"end":{"line":30,"column":51}},"16":{"start":{"line":32,"column":16},"end":{"line":32,"column":59}},"17":{"start":{"line":35,"column":8},"end":{"line":41,"column":9}},"18":{"start":{"line":36,"column":12},"end":{"line":40,"column":13}},"19":{"start":{"line":37,"column":16},"end":{"line":37,"column":51}},"20":{"start":{"line":39,"column":16},"end":{"line":39,"column":59}}},"fnMap":{"0":{"name":"(anonymous_0)","decl":{"start":{"line":2,"column":4},"end":{"line":2,"column":5}},"loc":{"start":{"line":2,"column":32},"end":{"line":6,"column":5}},"line":2},"1":{"name":"(anonymous_1)","decl":{"start":{"line":10,"column":4},"end":{"line":10,"column":5}},"loc":{"start":{"line":10,"column":11},"end":{"line":23,"column":5}},"line":10},"2":{"name":"(anonymous_2)","decl":{"start":{"line":25,"column":4},"end":{"line":25,"column":5}},"loc":{"start":{"line":25,"column":15},"end":{"line":42,"column":5}},"line":25}},"branchMap":{"0":{"loc":{"start":{"line":11,"column":8},"end":{"line":13,"column":9}},"type":"if","locations":[{"start":{"line":11,"column":8},"end":{"line":13,"column":9}},{"start":{},"end":{}}],"line":11},"1":{"loc":{"start":{"line":14,"column":8},"end":{"line":16,"column":9}},"type":"if","locations":[{"start":{"line":14,"column":8},"end":{"line":16,"column":9}},{"start":{},"end":{}}],"line":14},"2":{"loc":{"start":{"line":17,"column":8},"end":{"line":19,"column":9}},"type":"if","locations":[{"start":{"line":17,"column":8},"end":{"line":19,"column":9}},{"start":{},"end":{}}],"line":17},"3":{"loc":{"start":{"line":20,"column":8},"end":{"line":22,"column":9}},"type":"if","locations":[{"start":{"line":20,"column":8},"end":{"line":22,"column":9}},{"start":{},"end":{}}],"line":20},"4":{"loc":{"start":{"line":28,"column":8},"end":{"line":34,"column":9}},"type":"if","locations":[{"start":{"line":28,"column":8},"end":{"line":34,"column":9}},{"start":{},"end":{}}],"line":28},"5":{"loc":{"start":{"line":29,"column":12},"end":{"line":33,"column":13}},"type":"if","locations":[{"start":{"line":29,"column":12},"end":{"line":33,"column":13}},{"start":{"line":31,"column":19},"end":{"line":33,"column":13}}],"line":29},"6":{"loc":{"start":{"line":35,"column":8},"end":{"line":41,"column":9}},"type":"if","locations":[{"start":{"line":35,"column":8},"end":{"line":41,"column":9}},{"start":{},"end":{}}],"line":35},"7":{"loc":{"start":{"line":36,"column":12},"end":{"line":40,"column":13}},"type":"if","locations":[{"start":{"line":36,"column":12},"end":{"line":40,"column":13}},{"start":{"line":38,"column":19},"end":{"line":40,"column":13}}],"line":36}},"s":{"0":7,"1":7,"2":7,"3":7,"4":4,"5":1,"6":4,"7":1,"8":4,"9":1,"10":4,"11":1,"12":3,"13":3,"14":1,"15":1,"16":0,"17":3,"18":2,"19":1,"20":1},"f":{"0":7,"1":4,"2":3},"b":{"0":[1,3],"1":[1,3],"2":[1,3],"3":[1,3],"4":[1,2],"5":[1,0],"6":[2,1],"7":[1,1]},"_coverageSchema":"1a1c01bbd47fc00a2c39e90264f33305004495a9","hash":"3f3c9ad31c85deb0e458d4ac9474fd642bb22621"}
}
