TN:
SF:account.js
FN:2,(anonymous_0)
FNF:1
FNH:1
FNDA:18,(anonymous_0)
DA:3,18
DA:4,18
LF:2
LH:2
BRF:0
BRH:0
end_of_record
TN:
SF:transfer.js
FN:1,transfer
FNF:1
FNH:1
FNDA:2,transfer
DA:2,2
DA:3,2
DA:4,2
LF:3
LH:3
BRF:0
BRH:0
end_of_record
TN:
SF:transferWithTax.js
FN:3,transferWithTax
FN:10,validateValues
FN:19,chargeTaxForTransfer
FNF:3
FNH:3
FNDA:5,transferWithTax
FNDA:5,validateValues
FNDA:3,chargeTaxForTransfer
DA:4,5
DA:5,2
DA:7,2
DA:11,5
DA:12,2
DA:15,3
DA:20,3
DA:21,3
DA:22,3
DA:23,1
DA:25,2
DA:27,3
DA:29,3
DA:30,1
DA:32,2
LF:15
LH:15
BRDA:11,0,0,2
BRDA:11,0,1,3
BRDA:11,1,0,5
BRDA:11,1,1,4
BRDA:22,2,0,1
BRDA:22,2,1,2
BRDA:22,3,0,3
BRDA:22,3,1,3
BRDA:29,4,0,1
BRDA:29,4,1,2
BRF:10
BRH:10
end_of_record
TN:
SF:rover\rover.js
FN:2,(anonymous_0)
FN:10,(anonymous_1)
FN:25,(anonymous_2)
FNF:3
FNH:3
FNDA:7,(anonymous_0)
FNDA:4,(anonymous_1)
FNDA:3,(anonymous_2)
DA:3,7
DA:4,7
DA:5,7
DA:8,7
DA:11,4
DA:12,1
DA:14,4
DA:15,1
DA:17,4
DA:18,1
DA:20,4
DA:21,1
DA:26,3
DA:28,3
DA:29,1
DA:30,1
DA:32,0
DA:35,3
DA:36,2
DA:37,1
DA:39,1
LF:21
LH:20
BRDA:11,0,0,1
BRDA:11,0,1,3
BRDA:14,1,0,1
BRDA:14,1,1,3
BRDA:17,2,0,1
BRDA:17,2,1,3
BRDA:20,3,0,1
BRDA:20,3,1,3
BRDA:28,4,0,1
BRDA:28,4,1,2
BRDA:29,5,0,1
BRDA:29,5,1,0
BRDA:35,6,0,2
BRDA:35,6,1,1
BRDA:36,7,0,1
BRDA:36,7,1,1
BRF:16
BRH:15
end_of_record
